Task ID: 14569e28-c88c-43e4-8c32-097d35b9a67d
Question: In Unlambda, what exact charcter or text needs to be added to correct the following code to output "For penguins"? If what is needed is a character, answer with the name of the character. If there are different names for the character, use the shortest. The text location is not needed. Code:

`r```````````.F.o.r. .p.e.n.g.u.i.n.si
Expected Answer: backtick
Level: 2
Execution Time: 0.32 seconds
================================================================================

STDOUT:
Initializing Planning Agent
Stripped string: "Steps": "1. Searched \"Unlambda syntax\" online (optional).\n2. Opened https://en.wikipedia.org/wiki/Unlambda.\n3. Note that the hello world program is very similar in syntax to the code in this question.\n4. Go to the source referenced by the hello world program.\n5. From the referenced source, read what the components of the program do to understand that each period needs a backtick after the initial `r.\n6. Observe that in the given code, there are 12 periods but only 11 backticks after the initial `r, so the missing character is a backtick.", "Number of steps": "6", "How long did this take?": "15 minutes", "Tools": "1. Web browser\n2. Search engine\n3. Unlambda compiler (optional)", "Number of tools": "3"
Steps text: 1. Searched "Unlambda syntax" online (optional).
2. Opened https://en.wikipedia.org/wiki/Unlambda.
3. Note that the hello world program is very similar in syntax to the code in this question.
4. Go to the source referenced by the hello world program.
5. From the referenced source, read what the components of the program do to understand that each period needs a backtick after the initial `r.
6. Observe that in the given code, there are 12 periods but only 11 backticks after the initial `r, so the missing character is a backtick.
Formatted JSON: {'steps': ['Searched "Unlambda syntax" online (optional).', 'Opened https://en.wikipedia.org/wiki/Unlambda.', 'Note that the hello world program is very similar in syntax to the code in this question.', 'Go to the source referenced by the hello world program.', 'From the referenced source, read what the components of the program do to understand that each period needs a backtick after the initial `r.', 'Observe that in the given code, there are 12 periods but only 11 backticks after the initial `r, so the missing character is a backtick.']}


STDERR:


ERROR:
Traceback (most recent call last):
  File "/home/ajr/Documents/multiagent_human_worker/venv/lib/python3.14/site-packages/smolagents/default_tools.py", line 556, in __init__
    import wikipediaapi
ModuleNotFoundError: No module named 'wikipediaapi'

The above exception was the direct cause of the following exception:

Traceback (most recent call last):
  File "/home/ajr/Documents/multiagent_human_worker/benchmark_runner.py", line 133, in run_task
    func_result = func(*args, **kwargs)
  File "/home/ajr/Documents/multiagent_human_worker/Orchestrator.py", line 133, in run_orchestrator_task
    tools=[web_surfer_tool, file_surfer_tool, coder_tool, llm_tool, WebSearchTool(), WikipediaSearchTool(), ask_human_expert_for_help],
                                                                                     ~~~~~~~~~~~~~~~~~~~^^
  File "/home/ajr/Documents/multiagent_human_worker/venv/lib/python3.14/site-packages/smolagents/tools.py", line 75, in new_init
    original_init(self, *args, **kwargs)
    ~~~~~~~~~~~~~^^^^^^^^^^^^^^^^^^^^^^^
  File "/home/ajr/Documents/multiagent_human_worker/venv/lib/python3.14/site-packages/smolagents/default_tools.py", line 558, in __init__
    raise ImportError(
        "You must install `wikipedia-api` to run this tool: for instance run `pip install wikipedia-api`"
    ) from e
ImportError: You must install `wikipedia-api` to run this tool: for instance run `pip install wikipedia-api`
